<?xml version="1.0" encoding="UTF-8"?>
<testsuite name="com.chono.springboot.MyBootGAppApplicationTests" tests="1" skipped="0" failures="0" errors="0" timestamp="2022-01-17T03:04:41" hostname="7c244dff1bef" time="0.076">
  <properties/>
  <testcase name="contextLoads()" classname="com.chono.springboot.MyBootGAppApplicationTests" time="0.076"/>
  <system-out><![CDATA[03:04:38.829 [Test worker] DEBUG org.springframework.test.context.BootstrapUtils - Instantiating CacheAwareContextLoaderDelegate from class [org.springframework.test.context.cache.DefaultCacheAwareContextLoaderDelegate]
03:04:38.835 [Test worker] DEBUG org.springframework.test.context.BootstrapUtils - Instantiating BootstrapContext using constructor [public org.springframework.test.context.support.DefaultBootstrapContext(java.lang.Class,org.springframework.test.context.CacheAwareContextLoaderDelegate)]
03:04:38.852 [Test worker] DEBUG org.springframework.test.context.BootstrapUtils - Instantiating TestContextBootstrapper for test class [com.chono.springboot.MyBootGAppApplicationTests] from class [org.springframework.boot.test.context.SpringBootTestContextBootstrapper]
03:04:38.857 [Test worker] INFO org.springframework.boot.test.context.SpringBootTestContextBootstrapper - Neither @ContextConfiguration nor @ContextHierarchy found for test class [com.chono.springboot.MyBootGAppApplicationTests], using SpringBootContextLoader
03:04:38.859 [Test worker] DEBUG org.springframework.test.context.support.AbstractContextLoader - Did not detect default resource location for test class [com.chono.springboot.MyBootGAppApplicationTests]: class path resource [com/chono/springboot/MyBootGAppApplicationTests-context.xml] does not exist
03:04:38.860 [Test worker] DEBUG org.springframework.test.context.support.AbstractContextLoader - Did not detect default resource location for test class [com.chono.springboot.MyBootGAppApplicationTests]: class path resource [com/chono/springboot/MyBootGAppApplicationTestsContext.groovy] does not exist
03:04:38.860 [Test worker] INFO org.springframework.test.context.support.AbstractContextLoader - Could not detect default resource locations for test class [com.chono.springboot.MyBootGAppApplicationTests]: no resource found for suffixes {-context.xml, Context.groovy}.
03:04:38.860 [Test worker] INFO org.springframework.test.context.support.AnnotationConfigContextLoaderUtils - Could not detect default configuration classes for test class [com.chono.springboot.MyBootGAppApplicationTests]: MyBootGAppApplicationTests does not declare any static, non-private, non-final, nested classes annotated with @Configuration.
03:04:38.883 [Test worker] DEBUG org.springframework.test.context.support.ActiveProfilesUtils - Could not find an 'annotation declaring class' for annotation type [org.springframework.test.context.ActiveProfiles] and class [com.chono.springboot.MyBootGAppApplicationTests]
03:04:38.912 [Test worker] DEBUG org.springframework.context.annotation.ClassPathScanningCandidateComponentProvider - Identified candidate component class: file [/app/build/classes/java/main/com/chono/springboot/MyBootGAppApplication.class]
03:04:38.915 [Test worker] INFO org.springframework.boot.test.context.SpringBootTestContextBootstrapper - Found @SpringBootConfiguration com.chono.springboot.MyBootGAppApplication for test class com.chono.springboot.MyBootGAppApplicationTests
03:04:38.964 [Test worker] DEBUG org.springframework.boot.test.context.SpringBootTestContextBootstrapper - @TestExecutionListeners is not present for class [com.chono.springboot.MyBootGAppApplicationTests]: using defaults.
03:04:38.964 [Test worker] INFO org.springframework.boot.test.context.SpringBootTestContextBootstrapper - Loaded default TestExecutionListener class names from location [META-INF/spring.factories]: [org.springframework.boot.test.autoconfigure.restdocs.RestDocsTestExecutionListener, org.springframework.boot.test.autoconfigure.web.client.MockRestServiceServerResetTestExecutionListener, org.springframework.boot.test.autoconfigure.web.servlet.MockMvcPrintOnlyOnFailureTestExecutionListener, org.springframework.boot.test.autoconfigure.web.servlet.WebDriverTestExecutionListener, org.springframework.boot.test.autoconfigure.webservices.client.MockWebServiceServerTestExecutionListener, org.springframework.boot.test.mock.mockito.MockitoTestExecutionListener, org.springframework.boot.test.mock.mockito.ResetMocksTestExecutionListener, org.springframework.test.context.web.ServletTestExecutionListener, org.springframework.test.context.support.DirtiesContextBeforeModesTestExecutionListener, org.springframework.test.context.event.ApplicationEventsTestExecutionListener, org.springframework.test.context.support.DependencyInjectionTestExecutionListener, org.springframework.test.context.support.DirtiesContextTestExecutionListener, org.springframework.test.context.transaction.TransactionalTestExecutionListener, org.springframework.test.context.jdbc.SqlScriptsTestExecutionListener, org.springframework.test.context.event.EventPublishingTestExecutionListener]
03:04:38.972 [Test worker] INFO org.springframework.boot.test.context.SpringBootTestContextBootstrapper - Using TestExecutionListeners: [org.springframework.test.context.web.ServletTestExecutionListener@596df867, org.springframework.test.context.support.DirtiesContextBeforeModesTestExecutionListener@c1fca1e, org.springframework.test.context.event.ApplicationEventsTestExecutionListener@241a53ef, org.springframework.boot.test.mock.mockito.MockitoTestExecutionListener@344344fa, org.springframework.boot.test.autoconfigure.SpringBootDependencyInjectionTestExecutionListener@2db2cd5, org.springframework.test.context.support.DirtiesContextTestExecutionListener@70e659aa, org.springframework.test.context.transaction.TransactionalTestExecutionListener@615f972, org.springframework.test.context.jdbc.SqlScriptsTestExecutionListener@285f09de, org.springframework.test.context.event.EventPublishingTestExecutionListener@73393584, org.springframework.boot.test.autoconfigure.restdocs.RestDocsTestExecutionListener@31500940, org.springframework.boot.test.autoconfigure.web.client.MockRestServiceServerResetTestExecutionListener@1827a871, org.springframework.boot.test.autoconfigure.web.servlet.MockMvcPrintOnlyOnFailureTestExecutionListener@48e64352, org.springframework.boot.test.autoconfigure.web.servlet.WebDriverTestExecutionListener@7249dadf, org.springframework.boot.test.autoconfigure.webservices.client.MockWebServiceServerTestExecutionListener@4362d7df, org.springframework.boot.test.mock.mockito.ResetMocksTestExecutionListener@66238be2]
03:04:38.974 [Test worker] DEBUG org.springframework.test.context.support.AbstractDirtiesContextTestExecutionListener - Before test class: context [DefaultTestContext@402f80f5 testClass = MyBootGAppApplicationTests, testInstance = [null], testMethod = [null], testException = [null], mergedContextConfiguration = [WebMergedContextConfiguration@5bbc9f97 testClass = MyBootGAppApplicationTests, locations = '{}', classes = '{class com.chono.springboot.MyBootGAppApplication}', contextInitializerClasses = '[]', activeProfiles = '{}', propertySourceLocations = '{}', propertySourceProperties = '{org.springframework.boot.test.context.SpringBootTestContextBootstrapper=true}', contextCustomizers = set[org.springframework.boot.test.autoconfigure.actuate.metrics.MetricsExportContextCustomizerFactory$DisableMetricExportContextCustomizer@f478a81, org.springframework.boot.test.autoconfigure.properties.PropertyMappingContextCustomizer@0, org.springframework.boot.test.autoconfigure.web.servlet.WebDriverContextCustomizerFactory$Customizer@2f6e28bc, org.springframework.boot.test.context.filter.ExcludeFilterContextCustomizer@765f05af, org.springframework.boot.test.json.DuplicateJsonObjectContextCustomizerFactory$DuplicateJsonObjectContextCustomizer@13f17eb4, org.springframework.boot.test.mock.mockito.MockitoContextCustomizer@0, org.springframework.boot.test.web.client.TestRestTemplateContextCustomizer@2a2c13a8, org.springframework.boot.test.context.SpringBootTestArgs@1, org.springframework.boot.test.context.SpringBootTestWebEnvironment@5be1d0a4], resourceBasePath = 'src/main/webapp', contextLoader = 'org.springframework.boot.test.context.SpringBootContextLoader', parent = [null]], attributes = map['org.springframework.test.context.web.ServletTestExecutionListener.activateListener' -> true]], class annotated with @DirtiesContext [false] with mode [null].
03:04:39.014 [Test worker] DEBUG org.springframework.boot.ApplicationServletEnvironment - Activating profiles []
03:04:39.014 [Test worker] DEBUG org.springframework.test.context.support.TestPropertySourceUtils - Adding inlined properties to environment: {spring.jmx.enabled=false, org.springframework.boot.test.context.SpringBootTestContextBootstrapper=true}

  .   ____          _            __ _ _
 /\\ / ___'_ __ _ _(_)_ __  __ _ \ \ \ \
( ( )\___ | '_ | '_| | '_ \/ _` | \ \ \ \
 \\/  ___)| |_)| | | | | || (_| |  ) ) ) )
  '  |____| .__|_| |_|_| |_\__, | / / / /
 =========|_|==============|___/=/_/_/_/
 :: Spring Boot ::                (v2.6.1)

2022-01-17 03:04:39.154  INFO 438 --- [    Test worker] c.c.s.MyBootGAppApplicationTests         : Starting MyBootGAppApplicationTests using Java 11.0.13 on 7c244dff1bef with PID 438 (started by gradle in /app)
2022-01-17 03:04:39.155  INFO 438 --- [    Test worker] c.c.s.MyBootGAppApplicationTests         : No active profile set, falling back to default profiles: default
2022-01-17 03:04:39.510  INFO 438 --- [    Test worker] .s.d.r.c.RepositoryConfigurationDelegate : Bootstrapping Spring Data JPA repositories in DEFAULT mode.
2022-01-17 03:04:39.534  INFO 438 --- [    Test worker] .s.d.r.c.RepositoryConfigurationDelegate : Finished Spring Data repository scanning in 20 ms. Found 1 JPA repository interfaces.
2022-01-17 03:04:39.884  INFO 438 --- [    Test worker] com.zaxxer.hikari.HikariDataSource       : HikariPool-1 - Starting...
2022-01-17 03:04:39.889  WARN 438 --- [    Test worker] com.zaxxer.hikari.util.DriverDataSource  : Registered driver with driverClassName=oracle.jdbc.driver.OracleDriver was not found, trying direct instantiation.
2022-01-17 03:04:40.085  INFO 438 --- [    Test worker] com.zaxxer.hikari.HikariDataSource       : HikariPool-1 - Start completed.
2022-01-17 03:04:40.121  INFO 438 --- [    Test worker] o.hibernate.jpa.internal.util.LogHelper  : HHH000204: Processing PersistenceUnitInfo [name: default]
2022-01-17 03:04:40.150  INFO 438 --- [    Test worker] org.hibernate.Version                    : HHH000412: Hibernate ORM core version 5.6.1.Final
2022-01-17 03:04:40.254  INFO 438 --- [    Test worker] o.hibernate.annotations.common.Version   : HCANN000001: Hibernate Commons Annotations {5.1.2.Final}
2022-01-17 03:04:40.331  INFO 438 --- [    Test worker] org.hibernate.dialect.Dialect            : HHH000400: Using dialect: org.hibernate.dialect.Oracle12cDialect
2022-01-17 03:04:40.656  INFO 438 --- [    Test worker] o.h.e.t.j.p.i.JtaPlatformInitiator       : HHH000490: Using JtaPlatform implementation: [org.hibernate.engine.transaction.jta.platform.internal.NoJtaPlatform]
2022-01-17 03:04:40.660  INFO 438 --- [    Test worker] j.LocalContainerEntityManagerFactoryBean : Initialized JPA EntityManagerFactory for persistence unit 'default'
2022-01-17 03:04:40.944  WARN 438 --- [    Test worker] JpaBaseConfiguration$JpaWebConfiguration : spring.jpa.open-in-view is enabled by default. Therefore, database queries may be performed during view rendering. Explicitly configure spring.jpa.open-in-view to disable this warning
2022-01-17 03:04:41.136  INFO 438 --- [    Test worker] o.s.b.a.w.s.WelcomePageHandlerMapping    : Adding welcome page template: index
2022-01-17 03:04:41.305  INFO 438 --- [    Test worker] c.c.s.MyBootGAppApplicationTests         : Started MyBootGAppApplicationTests in 2.289 seconds (JVM running for 2.909)
]]></system-out>
  <system-err><![CDATA[]]></system-err>
</testsuite>
